0 info it worked if it ends with ok
1 verbose cli [ 'C:\\Program Files\\nodejs\\\\node.exe',
1 verbose cli   'C:\\Program Files\\nodejs\\node_modules\\npm\\bin\\npm-cli.js',
1 verbose cli   'install',
1 verbose cli   'webot-example' ]
2 info using npm@1.1.61
3 info using node@v0.8.9
4 verbose node symlink C:\Program Files\nodejs\\node.exe
5 verbose read json C:\Users\brian\Downloads\51anygo\package.json
6 verbose read json C:\Users\brian\Downloads\51anygo\node_modules\debug\package.json
7 verbose read json C:\Users\brian\Downloads\51anygo\node_modules\express\package.json
8 verbose read json C:\Users\brian\Downloads\51anygo\node_modules\js-yaml\package.json
9 verbose read json C:\Users\brian\Downloads\51anygo\node_modules\request\package.json
10 verbose read json C:\Users\brian\Downloads\51anygo\node_modules\underscore\package.json
11 verbose read json C:\Users\brian\Downloads\51anygo\node_modules\webot-cli\package.json
12 verbose read json C:\Users\brian\Downloads\51anygo\node_modules\weixin-robot\package.json
13 verbose read json C:\Users\brian\Downloads\51anygo\package.json
14 verbose cache add [ 'webot-example', null ]
15 silly cache add name=undefined spec="webot-example" args=["webot-example",null]
16 verbose parsed url { pathname: 'webot-example',
16 verbose parsed url   path: 'webot-example',
16 verbose parsed url   href: 'webot-example' }
17 silly lockFile 7e74def3-webot-example webot-example
18 verbose lock webot-example C:\Users\brian\AppData\Roaming\npm-cache\7e74def3-webot-example.lock
19 silly lockFile 7e74def3-webot-example webot-example
20 verbose addNamed [ 'webot-example', '' ]
21 verbose addNamed [ null, '' ]
22 silly lockFile c5441b16-webot-example webot-example@
23 verbose lock webot-example@ C:\Users\brian\AppData\Roaming\npm-cache\c5441b16-webot-example.lock
24 silly addNameRange { name: 'webot-example', range: '', hasData: false }
25 verbose url raw webot-example
26 verbose url resolving [ 'https://registry.npmjs.org/', './webot-example' ]
27 verbose url resolved https://registry.npmjs.org/webot-example
28 info trying registry request attempt 1 at 08:47:58
29 http GET https://registry.npmjs.org/webot-example
30 http 404 https://registry.npmjs.org/webot-example
31 silly registry.get cb [ 404,
31 silly registry.get   { server: 'CouchDB/1.3.0 (Erlang OTP/R15B03)',
31 silly registry.get     date: 'Sun, 18 Aug 2013 00:48:02 GMT',
31 silly registry.get     'content-type': 'application/json',
31 silly registry.get     'content-length': '52',
31 silly registry.get     'cache-control': 'must-revalidate' } ]
32 silly lockFile c5441b16-webot-example webot-example@
33 error 404 'webot-example' is not in the npm registry.
33 error 404 You should bug the author to publish it
33 error 404
33 error 404 Note that you can also install from a
33 error 404 tarball, folder, or http url, or git url.
34 error System Windows_NT 6.1.7601
35 error command "C:\\Program Files\\nodejs\\\\node.exe" "C:\\Program Files\\nodejs\\node_modules\\npm\\bin\\npm-cli.js" "install" "webot-example"
36 error cwd C:\Users\brian\Downloads\51anygo
37 error node -v v0.8.9
38 error npm -v 1.1.61
39 error code E404
40 verbose exit [ 1, true ]
